<?xml version="1.0" encoding="UTF-8"?>
<robot generator="Robot 6.0.2 (Python 3.10.11 on win32)" generated="20230423 07:15:29.702" rpa="false" schemaversion="3">
<suite id="s1" name="Serve-Rest-Front" source="c:\projects\rf_browserlibrary\tests\serve-rest-front.robot">
<kw name="Cadastrar usuário e logar" library="serve-rest-front" type="SETUP">
<kw name="New Browser" library="Browser">
<tag>BrowserControl</tag>
<tag>Setter</tag>
<doc>Create a new playwright Browser with specified options.</doc>
<msg timestamp="20230423 07:15:30.767" level="INFO">{"browser": "chromium", "headless": true, "devtools": false, "handleSIGHUP": true, "handleSIGINT": true, "handleSIGTERM": true, "slowMo": 0.0, "timeout": 30000.0, "deprecated_pos_args": [], "tracesDir": "C:\\projects\\rf_browserlibrary\\browser\\traces\\826db94a-5657-464e-b1b4-197c745ca263"}</msg>
<msg timestamp="20230423 07:15:31.012" level="INFO">Successfully created browser with options: {"browser":"chromium","headless":true,"devtools":false,"handleSIGHUP":true,"handleSIGINT":true,"handleSIGTERM":true,"slowMo":0,"timeout":30000,"deprecated_pos_args":[],"tracesDir":"C:\\projects\\rf_browserlibrary\\browser\\traces\\826db94a-5657-464e-b1b4-197c745ca263"}</msg>
<status status="PASS" starttime="20230423 07:15:30.766" endtime="20230423 07:15:31.013"/>
</kw>
<kw name="New Page" library="Browser">
<arg>url=${SITE_SERVE_REST}</arg>
<tag>BrowserControl</tag>
<tag>Setter</tag>
<doc>Open a new Page.</doc>
<msg timestamp="20230423 07:15:32.955" level="INFO">Successfully initialized new page object and opened url: https://front.serverest.dev/</msg>
<msg timestamp="20230423 07:15:32.956" level="INFO">No context was open. New context was automatically opened when this page is created.</msg>
<status status="PASS" starttime="20230423 07:15:31.014" endtime="20230423 07:15:32.956"/>
</kw>
<kw name="Criar usuário via API" library="serve-rest-front">
<kw name="Email" library="FakerLibrary">
<var>${EMAIL}</var>
<msg timestamp="20230423 07:15:32.957" level="INFO">${EMAIL} = hallpamela@example.net</msg>
<status status="PASS" starttime="20230423 07:15:32.957" endtime="20230423 07:15:32.957"/>
</kw>
<kw name="Set Suite Variable" library="BuiltIn">
<arg>${EMAIL}</arg>
<doc>Makes a variable available everywhere within the scope of the current suite.</doc>
<msg timestamp="20230423 07:15:32.958" level="INFO">${EMAIL} = hallpamela@example.net</msg>
<status status="PASS" starttime="20230423 07:15:32.957" endtime="20230423 07:15:32.958"/>
</kw>
<kw name="Name" library="FakerLibrary">
<var>${NOME}</var>
<doc>:example 'John Doe'</doc>
<msg timestamp="20230423 07:15:32.959" level="INFO">${NOME} = Patty Howard</msg>
<status status="PASS" starttime="20230423 07:15:32.958" endtime="20230423 07:15:32.959"/>
</kw>
<kw name="Set Suite Variable" library="BuiltIn">
<arg>${NOME}</arg>
<doc>Makes a variable available everywhere within the scope of the current suite.</doc>
<msg timestamp="20230423 07:15:32.959" level="INFO">${NOME} = Patty Howard</msg>
<status status="PASS" starttime="20230423 07:15:32.959" endtime="20230423 07:15:32.959"/>
</kw>
<kw name="Http" library="Browser">
<var>${resposta}</var>
<arg>url=https://serverest.dev/usuarios</arg>
<arg>method=POST</arg>
<arg>body={"nome": "${NOME}", "email": "${EMAIL}", "password": "teste", "administrador": "true"}</arg>
<tag>HTTP</tag>
<doc>Performs an HTTP request in the current browser context</doc>
<msg timestamp="20230423 07:15:34.006" level="INFO">{'status': 201, 'body': {'message': 'Cadastro realizado com sucesso', '_id': '7YAd2mwxF5ouetp1'}, 'headers': {'content-length': '82', 'content-type': 'application/json; charset=utf-8'}, 'type': 'cors', 'statusText': '', 'url': 'https://serverest.dev/usuarios', 'ok': True, 'redirected': False}</msg>
<msg timestamp="20230423 07:15:34.007" level="INFO">${resposta} = {'status': 201, 'body': {'message': 'Cadastro realizado com sucesso', '_id': '7YAd2mwxF5ouetp1'}, 'headers': {'content-length': '82', 'content-type': 'application/json; charset=utf-8'}, 'type': 'cors'...</msg>
<status status="PASS" starttime="20230423 07:15:32.959" endtime="20230423 07:15:34.007"/>
</kw>
<kw name="Should Be Equal As Integers" library="BuiltIn">
<arg>${resposta["status"]}</arg>
<arg>201</arg>
<doc>Fails if objects are unequal after converting them to integers.</doc>
<msg timestamp="20230423 07:15:34.008" level="INFO">Argument types are:
&lt;class 'int'&gt;
&lt;class 'str'&gt;</msg>
<status status="PASS" starttime="20230423 07:15:34.007" endtime="20230423 07:15:34.008"/>
</kw>
<status status="PASS" starttime="20230423 07:15:32.956" endtime="20230423 07:15:34.008"/>
</kw>
<kw name="Logar com usuário cadastrado via API" library="serve-rest-front">
<kw name="Http" library="Browser">
<var>${resposta}</var>
<arg>url=https://serverest.dev/Login</arg>
<arg>method=POST</arg>
<arg>body={"email": "${EMAIL}", "password": "teste"}</arg>
<tag>HTTP</tag>
<doc>Performs an HTTP request in the current browser context</doc>
<msg timestamp="20230423 07:15:34.327" level="INFO">{'status': 200, 'body': {'message': 'Login realizado com sucesso', 'authorization': 'Bearer eyJhbGciOiJIUzI1NiIsInR5cCI6IkpXVCJ9.eyJlbWFpbCI6ImhhbGxwYW1lbGFAZXhhbXBsZS5uZXQiLCJwYXNzd29yZCI6InRlc3RlIiwiaWF0IjoxNjgyMjQ0OTM0LCJleHAiOjE2ODIyNDU1MzR9.ghkXp-AgFs2k6WtuhGb_ufjMnKrdemSfeAtR-d3-BQA'}, 'headers': {'content-length': '277', 'content-type': 'application/json; charset=utf-8'}, 'type': 'cors', 'statusText': '', 'url': 'https://serverest.dev/Login', 'ok': True, 'redirected': False}</msg>
<msg timestamp="20230423 07:15:34.327" level="INFO">${resposta} = {'status': 200, 'body': {'message': 'Login realizado com sucesso', 'authorization': 'Bearer eyJhbGciOiJIUzI1NiIsInR5cCI6IkpXVCJ9.eyJlbWFpbCI6ImhhbGxwYW1lbGFAZXhhbXBsZS5uZXQiLCJwYXNzd29yZCI6InRlc3RlIiw...</msg>
<status status="PASS" starttime="20230423 07:15:34.008" endtime="20230423 07:15:34.327"/>
</kw>
<kw name="Should Be Equal As Integers" library="BuiltIn">
<arg>${resposta["status"]}</arg>
<arg>200</arg>
<doc>Fails if objects are unequal after converting them to integers.</doc>
<msg timestamp="20230423 07:15:34.328" level="INFO">Argument types are:
&lt;class 'int'&gt;
&lt;class 'str'&gt;</msg>
<status status="PASS" starttime="20230423 07:15:34.327" endtime="20230423 07:15:34.328"/>
</kw>
<kw name="LocalStorage Set Item" library="Browser">
<arg>serverest/userEmail</arg>
<arg>${EMAIL}</arg>
<tag>PageContent</tag>
<tag>Setter</tag>
<doc>Save data to the local storage.</doc>
<msg timestamp="20230423 07:15:34.332" level="INFO"/>
<status status="PASS" starttime="20230423 07:15:34.328" endtime="20230423 07:15:34.332"/>
</kw>
<kw name="LocalStorage Set Item" library="Browser">
<arg>serverest/userToken</arg>
<arg>${resposta["body"]["authorization"]}</arg>
<tag>PageContent</tag>
<tag>Setter</tag>
<doc>Save data to the local storage.</doc>
<msg timestamp="20230423 07:15:34.336" level="INFO"/>
<status status="PASS" starttime="20230423 07:15:34.333" endtime="20230423 07:15:34.337"/>
</kw>
<kw name="LocalStorage Set Item" library="Browser">
<arg>serverest/userNome</arg>
<arg>${NOME}</arg>
<tag>PageContent</tag>
<tag>Setter</tag>
<doc>Save data to the local storage.</doc>
<msg timestamp="20230423 07:15:34.340" level="INFO"/>
<status status="PASS" starttime="20230423 07:15:34.337" endtime="20230423 07:15:34.340"/>
</kw>
<kw name="Go To" library="Browser">
<arg>url=https://front.serverest.dev/admin/home</arg>
<tag>BrowserControl</tag>
<tag>Setter</tag>
<doc>Navigates to the given ``url``.</doc>
<msg timestamp="20230423 07:15:35.279" level="INFO">Successfully opened URL https://front.serverest.dev/admin/home</msg>
<status status="PASS" starttime="20230423 07:15:34.340" endtime="20230423 07:15:35.279"/>
</kw>
<kw name="Take Screenshot" library="Browser">
<tag>PageContent</tag>
<doc>Takes a screenshot of the current window or element and saves it to disk.</doc>
<msg timestamp="20230423 07:15:35.465" level="INFO" html="true">&lt;/td&gt;&lt;/tr&gt;&lt;tr&gt;&lt;td colspan="3"&gt;&lt;a href="browser/screenshot/robotframework-browser-screenshot-1.png" target="_blank"&gt;&lt;img src="browser/screenshot/robotframework-browser-screenshot-1.png" width="800px"/&gt;&lt;/a&gt;</msg>
<status status="PASS" starttime="20230423 07:15:35.280" endtime="20230423 07:15:35.465"/>
</kw>
<status status="PASS" starttime="20230423 07:15:34.008" endtime="20230423 07:15:35.465"/>
</kw>
<kw name="Save Storage State" library="Browser">
<var>${STORAGE_FILE}</var>
<tag>BrowserControl</tag>
<tag>Getter</tag>
<doc>Saves the current active context storage state to a file.</doc>
<msg timestamp="20230423 07:15:35.537" level="INFO">Current context state is saved to: C:\projects\rf_browserlibrary\browser\state\3bb599a5-659c-4f7c-8a36-fd894f7d407f.json</msg>
<msg timestamp="20230423 07:15:35.537" level="INFO">${STORAGE_FILE} = C:\projects\rf_browserlibrary\browser\state\3bb599a5-659c-4f7c-8a36-fd894f7d407f.json</msg>
<status status="PASS" starttime="20230423 07:15:35.466" endtime="20230423 07:15:35.537"/>
</kw>
<kw name="Set Suite Variable" library="BuiltIn">
<arg>${STORAGE_FILE}</arg>
<doc>Makes a variable available everywhere within the scope of the current suite.</doc>
<msg timestamp="20230423 07:15:35.538" level="INFO">${STORAGE_FILE} = C:\projects\rf_browserlibrary\browser\state\3bb599a5-659c-4f7c-8a36-fd894f7d407f.json</msg>
<status status="PASS" starttime="20230423 07:15:35.538" endtime="20230423 07:15:35.538"/>
</kw>
<status status="PASS" starttime="20230423 07:15:30.765" endtime="20230423 07:15:35.538"/>
</kw>
<test id="s1-t1" name="Login com sucesso Serve Rest Front" line="6">
<kw name="Abrir o navegador" library="serve-rest-front">
<kw name="New Browser" library="Browser">
<arg>browser=${BROWSER}</arg>
<arg>headless=${HEADLESS}</arg>
<tag>BrowserControl</tag>
<tag>Setter</tag>
<doc>Create a new playwright Browser with specified options.</doc>
<msg timestamp="20230423 07:15:35.545" level="INFO">Switching browser to browser=7c1b18c8-15a6-44a8-88ad-d95ee8421bdb</msg>
<msg timestamp="20230423 07:15:35.547" level="INFO">Successfully changed active browser</msg>
<msg timestamp="20230423 07:15:35.547" level="INFO">Reusing existing browser with id: browser=7c1b18c8-15a6-44a8-88ad-d95ee8421bdb</msg>
<status status="PASS" starttime="20230423 07:15:35.544" endtime="20230423 07:15:35.547"/>
</kw>
<kw name="Uuid 4" library="FakerLibrary">
<var>${TRACE_NAME}</var>
<doc>Generate a random UUID4 object and cast it to another type if specified using a callable ``cast_to``.</doc>
<msg timestamp="20230423 07:15:35.547" level="INFO">${TRACE_NAME} = a7d1bf93-537d-4699-b505-1c75d200829f</msg>
<status status="PASS" starttime="20230423 07:15:35.547" endtime="20230423 07:15:35.547"/>
</kw>
<kw name="Get Current Date" library="DateTime">
<var>${NOW}</var>
<arg>result_format=%d-%m-%Y_%H%M%S</arg>
<doc>Returns current local or UTC time with an optional increment.</doc>
<msg timestamp="20230423 07:15:35.548" level="INFO">${NOW} = 23-04-2023_071535</msg>
<status status="PASS" starttime="20230423 07:15:35.548" endtime="20230423 07:15:35.548"/>
</kw>
<kw name="New Context" library="Browser">
<arg>viewport={'width': 1200, 'height': 800}</arg>
<tag>BrowserControl</tag>
<tag>Setter</tag>
<doc>Create a new BrowserContext with specified options.</doc>
<msg timestamp="20230423 07:15:35.549" level="INFO">{
  "acceptDownloads": true,
  "bypassCSP": false,
  "forcedColors": "none",
  "hideRfBrowser": false,
  "ignoreHTTPSErrors": false,
  "javaScriptEnabled": true,
  "offline": false,
  "reducedMotion": "no-preference",
  "viewport": {
    "height": 800,
    "width": 1200
  },
  "deprecated_pos_args": []
}</msg>
<msg timestamp="20230423 07:15:35.554" level="INFO">Successfully created context. </msg>
<msg timestamp="20230423 07:15:35.554" level="INFO">{'acceptDownloads': True, 'bypassCSP': False, 'forcedColors': 'none', 'hideRfBrowser': False, 'ignoreHTTPSErrors': False, 'javaScriptEnabled': True, 'offline': False, 'reducedMotion': 'no-preference', 'viewport': {'height': 800, 'width': 1200}, 'deprecated_pos_args': []}</msg>
<status status="PASS" starttime="20230423 07:15:35.548" endtime="20230423 07:15:35.554"/>
</kw>
<status status="PASS" starttime="20230423 07:15:35.544" endtime="20230423 07:15:35.555"/>
</kw>
<kw name="Ir para o site Serve Rest Front" library="serve-rest-front">
<kw name="New Page" library="Browser">
<arg>${SITE_SERVE_REST}</arg>
<tag>BrowserControl</tag>
<tag>Setter</tag>
<doc>Open a new Page.</doc>
<msg timestamp="20230423 07:15:37.262" level="INFO">Successfully initialized new page object and opened url: https://front.serverest.dev/</msg>
<status status="PASS" starttime="20230423 07:15:35.556" endtime="20230423 07:15:37.262"/>
</kw>
<kw name="Get Title" library="Browser">
<var>${title}</var>
<arg>==</arg>
<arg>Front - ServeRest</arg>
<tag>Assertion</tag>
<tag>Getter</tag>
<tag>PageContent</tag>
<doc>Returns the title of the current page.</doc>
<msg timestamp="20230423 07:15:37.270" level="INFO">Title: 'Front - ServeRest'</msg>
<msg timestamp="20230423 07:15:37.271" level="INFO">${title} = Front - ServeRest</msg>
<status status="PASS" starttime="20230423 07:15:37.263" endtime="20230423 07:15:37.271"/>
</kw>
<kw name="Log" library="BuiltIn">
<arg>${title}</arg>
<doc>Logs the given message with the given level.</doc>
<msg timestamp="20230423 07:15:37.271" level="INFO">Front - ServeRest</msg>
<status status="PASS" starttime="20230423 07:15:37.271" endtime="20230423 07:15:37.271"/>
</kw>
<status status="PASS" starttime="20230423 07:15:35.555" endtime="20230423 07:15:37.272"/>
</kw>
<kw name="Preencher os dados do novo usuário e cadastrar" library="serve-rest-front">
<kw name="Click" library="Browser">
<arg>css=.btn-link</arg>
<tag>PageContent</tag>
<tag>Setter</tag>
<doc>Simulates mouse click on the element found by ``selector``.</doc>
<status status="PASS" starttime="20230423 07:15:37.273" endtime="20230423 07:15:37.449"/>
</kw>
<kw name="Name" library="FakerLibrary">
<var>${NOME}</var>
<doc>:example 'John Doe'</doc>
<msg timestamp="20230423 07:15:37.451" level="INFO">${NOME} = Andrew Frank</msg>
<status status="PASS" starttime="20230423 07:15:37.449" endtime="20230423 07:15:37.451"/>
</kw>
<kw name="Set Test Variable" library="BuiltIn">
<arg>${NOME}</arg>
<doc>Makes a variable available everywhere within the scope of the current test.</doc>
<msg timestamp="20230423 07:15:37.451" level="INFO">${NOME} = Andrew Frank</msg>
<status status="PASS" starttime="20230423 07:15:37.451" endtime="20230423 07:15:37.452"/>
</kw>
<kw name="Email" library="FakerLibrary">
<var>${EMAIL}</var>
<msg timestamp="20230423 07:15:37.452" level="INFO">${EMAIL} = michael02@example.com</msg>
<status status="PASS" starttime="20230423 07:15:37.452" endtime="20230423 07:15:37.452"/>
</kw>
<kw name="Set Test Variable" library="BuiltIn">
<arg>${EMAIL}</arg>
<doc>Makes a variable available everywhere within the scope of the current test.</doc>
<msg timestamp="20230423 07:15:37.453" level="INFO">${EMAIL} = michael02@example.com</msg>
<status status="PASS" starttime="20230423 07:15:37.452" endtime="20230423 07:15:37.453"/>
</kw>
<kw name="Fill Text" library="Browser">
<arg>css=input[data-testid='nome']</arg>
<arg>${NOME}</arg>
<tag>PageContent</tag>
<tag>Setter</tag>
<doc>Clears and fills the given ``txt`` into the text field found by ``selector``.</doc>
<msg timestamp="20230423 07:15:37.453" level="INFO">Fills the text 'Andrew Frank' in the given field.</msg>
<status status="PASS" starttime="20230423 07:15:37.453" endtime="20230423 07:15:37.471"/>
</kw>
<kw name="Fill Text" library="Browser">
<arg>css=input[data-testid='email']</arg>
<arg>${EMAIL}</arg>
<tag>PageContent</tag>
<tag>Setter</tag>
<doc>Clears and fills the given ``txt`` into the text field found by ``selector``.</doc>
<msg timestamp="20230423 07:15:37.471" level="INFO">Fills the text 'michael02@example.com' in the given field.</msg>
<status status="PASS" starttime="20230423 07:15:37.471" endtime="20230423 07:15:37.483"/>
</kw>
<kw name="Fill Text" library="Browser">
<arg>css=input[data-testid='password']</arg>
<arg>pwd123</arg>
<tag>PageContent</tag>
<tag>Setter</tag>
<doc>Clears and fills the given ``txt`` into the text field found by ``selector``.</doc>
<msg timestamp="20230423 07:15:37.484" level="INFO">Fills the text 'pwd123' in the given field.</msg>
<status status="PASS" starttime="20230423 07:15:37.484" endtime="20230423 07:15:37.495"/>
</kw>
<kw name="Check Checkbox" library="Browser">
<arg>css=input[data-testid='checkbox']</arg>
<tag>PageContent</tag>
<tag>Setter</tag>
<doc>Checks the checkbox or selects radio button found by ``selector``.</doc>
<status status="PASS" starttime="20230423 07:15:37.495" endtime="20230423 07:15:37.539"/>
</kw>
<kw name="Click" library="Browser">
<arg>css=button[data-testid='cadastrar']</arg>
<tag>PageContent</tag>
<tag>Setter</tag>
<doc>Simulates mouse click on the element found by ``selector``.</doc>
<status status="PASS" starttime="20230423 07:15:37.539" endtime="20230423 07:15:37.575"/>
</kw>
<status status="PASS" starttime="20230423 07:15:37.272" endtime="20230423 07:15:37.575"/>
</kw>
<kw name="Conferir usuário cadastrado com sucesso" library="serve-rest-front">
<kw name="Wait For Elements State" library="Browser">
<arg>h1</arg>
<arg>visible</arg>
<tag>PageContent</tag>
<tag>Wait</tag>
<doc>Waits for the element found by ``selector`` to satisfy state option.</doc>
<msg timestamp="20230423 07:15:41.484" level="INFO">Waited for Element with selector h1 at state visible</msg>
<status status="PASS" starttime="20230423 07:15:37.576" endtime="20230423 07:15:41.485"/>
</kw>
<kw name="Get Text" library="Browser">
<arg>h1</arg>
<arg>==</arg>
<arg>Bem Vindo ${NOME}</arg>
<tag>Assertion</tag>
<tag>Getter</tag>
<tag>PageContent</tag>
<doc>Returns text attribute of the element found by ``selector``.</doc>
<msg timestamp="20230423 07:15:41.495" level="INFO">Text: 'Bem Vindo Andrew Frank'</msg>
<status status="PASS" starttime="20230423 07:15:41.485" endtime="20230423 07:15:41.496"/>
</kw>
<kw name="Get Element States" library="Browser">
<arg>css=button[data-testid='logout']</arg>
<arg>validate</arg>
<arg>value &amp; visible</arg>
<tag>Assertion</tag>
<tag>Getter</tag>
<tag>PageContent</tag>
<doc>Get the active states from the element found by ``selector``.</doc>
<msg timestamp="20230423 07:15:41.515" level="INFO">States are: ['attached', 'visible', 'enabled', 'editable', 'defocused']</msg>
<status status="PASS" starttime="20230423 07:15:41.496" endtime="20230423 07:15:41.516"/>
</kw>
<status status="PASS" starttime="20230423 07:15:37.575" endtime="20230423 07:15:41.516"/>
</kw>
<status status="PASS" starttime="20230423 07:15:35.539" endtime="20230423 07:15:41.517"/>
</test>
<test id="s1-t2" name="Cadastro de novo usuario e conferir que aparece na lista de usuários" line="12">
<kw name="Abrir o Site Serve Rest Front Logado" library="serve-rest-front">
<kw name="New Browser" library="Browser">
<arg>browser=${BROWSER}</arg>
<arg>headless=${HEADLESS}</arg>
<tag>BrowserControl</tag>
<tag>Setter</tag>
<doc>Create a new playwright Browser with specified options.</doc>
<msg timestamp="20230423 07:15:41.546" level="INFO">Switching browser to browser=7c1b18c8-15a6-44a8-88ad-d95ee8421bdb</msg>
<msg timestamp="20230423 07:15:41.548" level="INFO">Successfully changed active browser</msg>
<msg timestamp="20230423 07:15:41.548" level="INFO">Reusing existing browser with id: browser=7c1b18c8-15a6-44a8-88ad-d95ee8421bdb</msg>
<status status="PASS" starttime="20230423 07:15:41.546" endtime="20230423 07:15:41.548"/>
</kw>
<kw name="New Context" library="Browser">
<arg>viewport={'width': 1200, 'height': 800}</arg>
<arg>storageState=${STORAGE_FILE}</arg>
<tag>BrowserControl</tag>
<tag>Setter</tag>
<doc>Create a new BrowserContext with specified options.</doc>
<msg timestamp="20230423 07:15:41.549" level="INFO">{
  "acceptDownloads": true,
  "bypassCSP": false,
  "forcedColors": "none",
  "hideRfBrowser": false,
  "ignoreHTTPSErrors": false,
  "javaScriptEnabled": true,
  "offline": false,
  "reducedMotion": "no-preference",
  "storageState": "C:\\projects\\rf_browserlibrary\\browser\\state\\3bb599a5-659c-4f7c-8a36-fd894f7d407f.json",
  "viewport": {
    "height": 800,
    "width": 1200
  },
  "deprecated_pos_args": []
}</msg>
<msg timestamp="20230423 07:15:41.649" level="INFO">Successfully created context. </msg>
<msg timestamp="20230423 07:15:41.649" level="INFO">{'acceptDownloads': True, 'bypassCSP': False, 'forcedColors': 'none', 'hideRfBrowser': False, 'ignoreHTTPSErrors': False, 'javaScriptEnabled': True, 'offline': False, 'reducedMotion': 'no-preference', 'storageState': 'C:\\projects\\rf_browserlibrary\\browser\\state\\3bb599a5-659c-4f7c-8a36-fd894f7d407f.json', 'viewport': {'height': 800, 'width': 1200}, 'deprecated_pos_args': []}</msg>
<status status="PASS" starttime="20230423 07:15:41.548" endtime="20230423 07:15:41.649"/>
</kw>
<kw name="New Page" library="Browser">
<arg>url=https://front.serverest.dev/admin/home</arg>
<tag>BrowserControl</tag>
<tag>Setter</tag>
<doc>Open a new Page.</doc>
<msg timestamp="20230423 07:15:43.411" level="INFO">Successfully initialized new page object and opened url: https://front.serverest.dev/admin/home</msg>
<status status="PASS" starttime="20230423 07:15:41.649" endtime="20230423 07:15:43.412"/>
</kw>
<kw name="Take Screenshot" library="Browser">
<tag>PageContent</tag>
<doc>Takes a screenshot of the current window or element and saves it to disk.</doc>
<msg timestamp="20230423 07:15:43.651" level="INFO" html="true">&lt;/td&gt;&lt;/tr&gt;&lt;tr&gt;&lt;td colspan="3"&gt;&lt;a href="browser/screenshot/robotframework-browser-screenshot-2.png" target="_blank"&gt;&lt;img src="browser/screenshot/robotframework-browser-screenshot-2.png" width="800px"/&gt;&lt;/a&gt;</msg>
<status status="PASS" starttime="20230423 07:15:43.414" endtime="20230423 07:15:43.651"/>
</kw>
<status status="PASS" starttime="20230423 07:15:41.545" endtime="20230423 07:15:43.652"/>
</kw>
<kw name="Acessar a Lista de usuários" library="serve-rest-front">
<kw name="Click" library="Browser">
<arg>css=a[data-testid='listarUsuarios']</arg>
<tag>PageContent</tag>
<tag>Setter</tag>
<doc>Simulates mouse click on the element found by ``selector``.</doc>
<status status="PASS" starttime="20230423 07:15:43.653" endtime="20230423 07:15:43.716"/>
</kw>
<status status="PASS" starttime="20230423 07:15:43.652" endtime="20230423 07:15:43.716"/>
</kw>
<kw name="Conferir que o usuário aparece na listagem" library="serve-rest-front">
<kw name="Get Table Cell Element" library="Browser">
<var>${elemento}</var>
<arg>css=table</arg>
<arg>"Nome"</arg>
<arg>"${EMAIL}"</arg>
<tag>Getter</tag>
<tag>PageContent</tag>
<doc>Returns the Web Element that has the same column index and same row index as the selected elements.</doc>
<msg timestamp="20230423 07:15:44.567" level="INFO">Locator found successfully.</msg>
<msg timestamp="20230423 07:15:44.568" level="INFO">${elemento} = element=98577fb0-ad81-4eeb-af65-77a418e5a5b9</msg>
<status status="PASS" starttime="20230423 07:15:43.718" endtime="20230423 07:15:44.568"/>
</kw>
<kw name="Get Text" library="Browser">
<var>${usuario_nome}</var>
<arg>${elemento}</arg>
<arg>==</arg>
<arg>${NOME}</arg>
<tag>Assertion</tag>
<tag>Getter</tag>
<tag>PageContent</tag>
<doc>Returns text attribute of the element found by ``selector``.</doc>
<msg timestamp="20230423 07:15:44.578" level="INFO">Text: 'Patty Howard'</msg>
<msg timestamp="20230423 07:15:44.578" level="INFO">${usuario_nome} = Patty Howard</msg>
<status status="PASS" starttime="20230423 07:15:44.568" endtime="20230423 07:15:44.578"/>
</kw>
<kw name="Highlight Elements" library="Browser">
<arg>${elemento}</arg>
<tag>PageContent</tag>
<tag>Setter</tag>
<doc>Adds a highlight to elements matched by the ``selector``. Provides a style adjustment.</doc>
<msg timestamp="20230423 07:15:44.585" level="INFO">Highlighted 1 elements for 5000.</msg>
<status status="PASS" starttime="20230423 07:15:44.578" endtime="20230423 07:15:44.586"/>
</kw>
<kw name="Take Screenshot" library="Browser">
<arg>fullPage=${true}</arg>
<tag>PageContent</tag>
<doc>Takes a screenshot of the current window or element and saves it to disk.</doc>
<msg timestamp="20230423 07:15:44.701" level="INFO" html="true">&lt;/td&gt;&lt;/tr&gt;&lt;tr&gt;&lt;td colspan="3"&gt;&lt;a href="browser/screenshot/robotframework-browser-screenshot-3.png" target="_blank"&gt;&lt;img src="browser/screenshot/robotframework-browser-screenshot-3.png" width="800px"/&gt;&lt;/a&gt;</msg>
<status status="PASS" starttime="20230423 07:15:44.586" endtime="20230423 07:15:44.701"/>
</kw>
<status status="PASS" starttime="20230423 07:15:43.717" endtime="20230423 07:15:44.701"/>
</kw>
<status status="PASS" starttime="20230423 07:15:41.540" endtime="20230423 07:15:44.702"/>
</test>
<test id="s1-t3" name="Cadastro de novo produto e conferir que aparece na lista de usuários" line="17">
<kw name="Abrir o Site Serve Rest Front Logado" library="serve-rest-front">
<kw name="New Browser" library="Browser">
<arg>browser=${BROWSER}</arg>
<arg>headless=${HEADLESS}</arg>
<tag>BrowserControl</tag>
<tag>Setter</tag>
<doc>Create a new playwright Browser with specified options.</doc>
<msg timestamp="20230423 07:15:44.727" level="INFO">Switching browser to browser=7c1b18c8-15a6-44a8-88ad-d95ee8421bdb</msg>
<msg timestamp="20230423 07:15:44.730" level="INFO">Successfully changed active browser</msg>
<msg timestamp="20230423 07:15:44.730" level="INFO">Reusing existing browser with id: browser=7c1b18c8-15a6-44a8-88ad-d95ee8421bdb</msg>
<status status="PASS" starttime="20230423 07:15:44.727" endtime="20230423 07:15:44.730"/>
</kw>
<kw name="New Context" library="Browser">
<arg>viewport={'width': 1200, 'height': 800}</arg>
<arg>storageState=${STORAGE_FILE}</arg>
<tag>BrowserControl</tag>
<tag>Setter</tag>
<doc>Create a new BrowserContext with specified options.</doc>
<msg timestamp="20230423 07:15:44.732" level="INFO">{
  "acceptDownloads": true,
  "bypassCSP": false,
  "forcedColors": "none",
  "hideRfBrowser": false,
  "ignoreHTTPSErrors": false,
  "javaScriptEnabled": true,
  "offline": false,
  "reducedMotion": "no-preference",
  "storageState": "C:\\projects\\rf_browserlibrary\\browser\\state\\3bb599a5-659c-4f7c-8a36-fd894f7d407f.json",
  "viewport": {
    "height": 800,
    "width": 1200
  },
  "deprecated_pos_args": []
}</msg>
<msg timestamp="20230423 07:15:44.811" level="INFO">Successfully created context. </msg>
<msg timestamp="20230423 07:15:44.811" level="INFO">{'acceptDownloads': True, 'bypassCSP': False, 'forcedColors': 'none', 'hideRfBrowser': False, 'ignoreHTTPSErrors': False, 'javaScriptEnabled': True, 'offline': False, 'reducedMotion': 'no-preference', 'storageState': 'C:\\projects\\rf_browserlibrary\\browser\\state\\3bb599a5-659c-4f7c-8a36-fd894f7d407f.json', 'viewport': {'height': 800, 'width': 1200}, 'deprecated_pos_args': []}</msg>
<status status="PASS" starttime="20230423 07:15:44.731" endtime="20230423 07:15:44.811"/>
</kw>
<kw name="New Page" library="Browser">
<arg>url=https://front.serverest.dev/admin/home</arg>
<tag>BrowserControl</tag>
<tag>Setter</tag>
<doc>Open a new Page.</doc>
<msg timestamp="20230423 07:15:46.478" level="INFO">Successfully initialized new page object and opened url: https://front.serverest.dev/admin/home</msg>
<status status="PASS" starttime="20230423 07:15:44.812" endtime="20230423 07:15:46.478"/>
</kw>
<kw name="Take Screenshot" library="Browser">
<tag>PageContent</tag>
<doc>Takes a screenshot of the current window or element and saves it to disk.</doc>
<msg timestamp="20230423 07:15:46.702" level="INFO" html="true">&lt;/td&gt;&lt;/tr&gt;&lt;tr&gt;&lt;td colspan="3"&gt;&lt;a href="browser/screenshot/robotframework-browser-screenshot-4.png" target="_blank"&gt;&lt;img src="browser/screenshot/robotframework-browser-screenshot-4.png" width="800px"/&gt;&lt;/a&gt;</msg>
<status status="PASS" starttime="20230423 07:15:46.478" endtime="20230423 07:15:46.702"/>
</kw>
<status status="PASS" starttime="20230423 07:15:44.726" endtime="20230423 07:15:46.702"/>
</kw>
<kw name="Cadastrar Novo produto" library="serve-rest-front">
<kw name="Company" library="FakerLibrary">
<var>${NOME_PRODUTO}</var>
<doc>:example: 'Acme Ltd'</doc>
<msg timestamp="20230423 07:15:46.704" level="INFO">${NOME_PRODUTO} = Bryant-Camacho</msg>
<status status="PASS" starttime="20230423 07:15:46.703" endtime="20230423 07:15:46.704"/>
</kw>
<kw name="Set Test Variable" library="BuiltIn">
<arg>${NOME_PRODUTO}</arg>
<doc>Makes a variable available everywhere within the scope of the current test.</doc>
<msg timestamp="20230423 07:15:46.704" level="INFO">${NOME_PRODUTO} = Bryant-Camacho</msg>
<status status="PASS" starttime="20230423 07:15:46.704" endtime="20230423 07:15:46.705"/>
</kw>
<kw name="Company" library="FakerLibrary">
<var>${DESCRICAO_PRODUTO}</var>
<doc>:example: 'Acme Ltd'</doc>
<msg timestamp="20230423 07:15:46.705" level="INFO">${DESCRICAO_PRODUTO} = Cohen PLC</msg>
<status status="PASS" starttime="20230423 07:15:46.705" endtime="20230423 07:15:46.705"/>
</kw>
<kw name="Set Test Variable" library="BuiltIn">
<arg>${DESCRICAO_PRODUTO}</arg>
<doc>Makes a variable available everywhere within the scope of the current test.</doc>
<msg timestamp="20230423 07:15:46.706" level="INFO">${DESCRICAO_PRODUTO} = Cohen PLC</msg>
<status status="PASS" starttime="20230423 07:15:46.705" endtime="20230423 07:15:46.706"/>
</kw>
<kw name="Click" library="Browser">
<arg>css=a[data-testid='cadastrarProdutos']</arg>
<tag>PageContent</tag>
<tag>Setter</tag>
<doc>Simulates mouse click on the element found by ``selector``.</doc>
<status status="PASS" starttime="20230423 07:15:46.706" endtime="20230423 07:15:46.770"/>
</kw>
<kw name="Fill Text" library="Browser">
<arg>css=input[data-testid='nome']</arg>
<arg>Xbox ${NOME_PRODUTO}</arg>
<tag>PageContent</tag>
<tag>Setter</tag>
<doc>Clears and fills the given ``txt`` into the text field found by ``selector``.</doc>
<msg timestamp="20230423 07:15:46.770" level="INFO">Fills the text 'Xbox Bryant-Camacho' in the given field.</msg>
<status status="PASS" starttime="20230423 07:15:46.770" endtime="20230423 07:15:46.785"/>
</kw>
<kw name="Fill Text" library="Browser">
<arg>css=input[data-testid='preco']</arg>
<arg>100</arg>
<tag>PageContent</tag>
<tag>Setter</tag>
<doc>Clears and fills the given ``txt`` into the text field found by ``selector``.</doc>
<msg timestamp="20230423 07:15:46.785" level="INFO">Fills the text '100' in the given field.</msg>
<status status="PASS" starttime="20230423 07:15:46.785" endtime="20230423 07:15:46.796"/>
</kw>
<kw name="Fill Text" library="Browser">
<arg>css=textarea[data-testid='descricao']</arg>
<arg>Console ${DESCRICAO_PRODUTO}</arg>
<tag>PageContent</tag>
<tag>Setter</tag>
<doc>Clears and fills the given ``txt`` into the text field found by ``selector``.</doc>
<msg timestamp="20230423 07:15:46.797" level="INFO">Fills the text 'Console Cohen PLC' in the given field.</msg>
<status status="PASS" starttime="20230423 07:15:46.797" endtime="20230423 07:15:46.810"/>
</kw>
<kw name="Fill Text" library="Browser">
<arg>css=input[data-testid='quantity']</arg>
<arg>1</arg>
<tag>PageContent</tag>
<tag>Setter</tag>
<doc>Clears and fills the given ``txt`` into the text field found by ``selector``.</doc>
<msg timestamp="20230423 07:15:46.811" level="INFO">Fills the text '1' in the given field.</msg>
<status status="PASS" starttime="20230423 07:15:46.810" endtime="20230423 07:15:46.822"/>
</kw>
<kw name="Click" library="Browser">
<arg>css=button[data-testid='cadastarProdutos']</arg>
<tag>PageContent</tag>
<tag>Setter</tag>
<doc>Simulates mouse click on the element found by ``selector``.</doc>
<status status="PASS" starttime="20230423 07:15:46.822" endtime="20230423 07:15:46.858"/>
</kw>
<status status="PASS" starttime="20230423 07:15:46.703" endtime="20230423 07:15:46.858"/>
</kw>
<kw name="Conferir que o produto aparece na listagem" library="serve-rest-front">
<kw name="Get Table Cell Element" library="Browser">
<var>${elemento}</var>
<arg>css=table</arg>
<arg>"Nome"</arg>
<arg>"Console ${DESCRICAO_PRODUTO}"</arg>
<tag>Getter</tag>
<tag>PageContent</tag>
<doc>Returns the Web Element that has the same column index and same row index as the selected elements.</doc>
<msg timestamp="20230423 07:15:47.710" level="INFO">Locator found successfully.</msg>
<msg timestamp="20230423 07:15:47.710" level="INFO">${elemento} = element=73cc98be-c42c-4990-ad7e-ee7594538d0e</msg>
<status status="PASS" starttime="20230423 07:15:46.859" endtime="20230423 07:15:47.710"/>
</kw>
<kw name="Get Text" library="Browser">
<var>${usuario_nome}</var>
<arg>${elemento}</arg>
<arg>==</arg>
<arg>Xbox ${NOME_PRODUTO}</arg>
<tag>Assertion</tag>
<tag>Getter</tag>
<tag>PageContent</tag>
<doc>Returns text attribute of the element found by ``selector``.</doc>
<msg timestamp="20230423 07:15:47.720" level="INFO">Text: 'Xbox Bryant-Camacho'</msg>
<msg timestamp="20230423 07:15:47.720" level="INFO">${usuario_nome} = Xbox Bryant-Camacho</msg>
<status status="PASS" starttime="20230423 07:15:47.711" endtime="20230423 07:15:47.720"/>
</kw>
<kw name="Highlight Elements" library="Browser">
<arg>${elemento}</arg>
<tag>PageContent</tag>
<tag>Setter</tag>
<doc>Adds a highlight to elements matched by the ``selector``. Provides a style adjustment.</doc>
<msg timestamp="20230423 07:15:47.727" level="INFO">Highlighted 1 elements for 5000.</msg>
<status status="PASS" starttime="20230423 07:15:47.720" endtime="20230423 07:15:47.728"/>
</kw>
<kw name="Take Screenshot" library="Browser">
<arg>fullPage=${true}</arg>
<tag>PageContent</tag>
<doc>Takes a screenshot of the current window or element and saves it to disk.</doc>
<msg timestamp="20230423 07:15:47.911" level="INFO" html="true">&lt;/td&gt;&lt;/tr&gt;&lt;tr&gt;&lt;td colspan="3"&gt;&lt;a href="browser/screenshot/robotframework-browser-screenshot-5.png" target="_blank"&gt;&lt;img src="browser/screenshot/robotframework-browser-screenshot-5.png" width="800px"/&gt;&lt;/a&gt;</msg>
<status status="PASS" starttime="20230423 07:15:47.728" endtime="20230423 07:15:47.911"/>
</kw>
<status status="PASS" starttime="20230423 07:15:46.859" endtime="20230423 07:15:47.912"/>
</kw>
<status status="PASS" starttime="20230423 07:15:44.723" endtime="20230423 07:15:47.913"/>
</test>
<test id="s1-t4" name="Exemplo utilizando Requisições HTTP" line="22">
<kw name="Abrir o navegador" library="serve-rest-front">
<kw name="New Browser" library="Browser">
<arg>browser=${BROWSER}</arg>
<arg>headless=${HEADLESS}</arg>
<tag>BrowserControl</tag>
<tag>Setter</tag>
<doc>Create a new playwright Browser with specified options.</doc>
<msg timestamp="20230423 07:15:47.939" level="INFO">Switching browser to browser=7c1b18c8-15a6-44a8-88ad-d95ee8421bdb</msg>
<msg timestamp="20230423 07:15:47.940" level="INFO">Successfully changed active browser</msg>
<msg timestamp="20230423 07:15:47.940" level="INFO">Reusing existing browser with id: browser=7c1b18c8-15a6-44a8-88ad-d95ee8421bdb</msg>
<status status="PASS" starttime="20230423 07:15:47.939" endtime="20230423 07:15:47.940"/>
</kw>
<kw name="Uuid 4" library="FakerLibrary">
<var>${TRACE_NAME}</var>
<doc>Generate a random UUID4 object and cast it to another type if specified using a callable ``cast_to``.</doc>
<msg timestamp="20230423 07:15:47.941" level="INFO">${TRACE_NAME} = 122c4e0e-916f-4d34-be34-b78d0edc0abb</msg>
<status status="PASS" starttime="20230423 07:15:47.941" endtime="20230423 07:15:47.941"/>
</kw>
<kw name="Get Current Date" library="DateTime">
<var>${NOW}</var>
<arg>result_format=%d-%m-%Y_%H%M%S</arg>
<doc>Returns current local or UTC time with an optional increment.</doc>
<msg timestamp="20230423 07:15:47.942" level="INFO">${NOW} = 23-04-2023_071547</msg>
<status status="PASS" starttime="20230423 07:15:47.941" endtime="20230423 07:15:47.942"/>
</kw>
<kw name="New Context" library="Browser">
<arg>viewport={'width': 1200, 'height': 800}</arg>
<tag>BrowserControl</tag>
<tag>Setter</tag>
<doc>Create a new BrowserContext with specified options.</doc>
<msg timestamp="20230423 07:15:47.942" level="INFO">{
  "acceptDownloads": true,
  "bypassCSP": false,
  "forcedColors": "none",
  "hideRfBrowser": false,
  "ignoreHTTPSErrors": false,
  "javaScriptEnabled": true,
  "offline": false,
  "reducedMotion": "no-preference",
  "viewport": {
    "height": 800,
    "width": 1200
  },
  "deprecated_pos_args": []
}</msg>
<msg timestamp="20230423 07:15:47.947" level="INFO">Successfully created context. </msg>
<msg timestamp="20230423 07:15:47.947" level="INFO">{'acceptDownloads': True, 'bypassCSP': False, 'forcedColors': 'none', 'hideRfBrowser': False, 'ignoreHTTPSErrors': False, 'javaScriptEnabled': True, 'offline': False, 'reducedMotion': 'no-preference', 'viewport': {'height': 800, 'width': 1200}, 'deprecated_pos_args': []}</msg>
<status status="PASS" starttime="20230423 07:15:47.942" endtime="20230423 07:15:47.947"/>
</kw>
<status status="PASS" starttime="20230423 07:15:47.938" endtime="20230423 07:15:47.948"/>
</kw>
<kw name="Ir para o site Serve Rest Front" library="serve-rest-front">
<kw name="New Page" library="Browser">
<arg>${SITE_SERVE_REST}</arg>
<tag>BrowserControl</tag>
<tag>Setter</tag>
<doc>Open a new Page.</doc>
<msg timestamp="20230423 07:15:49.691" level="INFO">Successfully initialized new page object and opened url: https://front.serverest.dev/</msg>
<status status="PASS" starttime="20230423 07:15:47.950" endtime="20230423 07:15:49.691"/>
</kw>
<kw name="Get Title" library="Browser">
<var>${title}</var>
<arg>==</arg>
<arg>Front - ServeRest</arg>
<tag>Assertion</tag>
<tag>Getter</tag>
<tag>PageContent</tag>
<doc>Returns the title of the current page.</doc>
<msg timestamp="20230423 07:15:49.696" level="INFO">Title: 'Front - ServeRest'</msg>
<msg timestamp="20230423 07:15:49.696" level="INFO">${title} = Front - ServeRest</msg>
<status status="PASS" starttime="20230423 07:15:49.692" endtime="20230423 07:15:49.696"/>
</kw>
<kw name="Log" library="BuiltIn">
<arg>${title}</arg>
<doc>Logs the given message with the given level.</doc>
<msg timestamp="20230423 07:15:49.697" level="INFO">Front - ServeRest</msg>
<status status="PASS" starttime="20230423 07:15:49.697" endtime="20230423 07:15:49.697"/>
</kw>
<status status="PASS" starttime="20230423 07:15:47.949" endtime="20230423 07:15:49.697"/>
</kw>
<kw name="Criar usuário via API" library="serve-rest-front">
<kw name="Email" library="FakerLibrary">
<var>${EMAIL}</var>
<msg timestamp="20230423 07:15:49.699" level="INFO">${EMAIL} = rayjason@example.net</msg>
<status status="PASS" starttime="20230423 07:15:49.698" endtime="20230423 07:15:49.699"/>
</kw>
<kw name="Set Suite Variable" library="BuiltIn">
<arg>${EMAIL}</arg>
<doc>Makes a variable available everywhere within the scope of the current suite.</doc>
<msg timestamp="20230423 07:15:49.699" level="INFO">${EMAIL} = rayjason@example.net</msg>
<status status="PASS" starttime="20230423 07:15:49.699" endtime="20230423 07:15:49.700"/>
</kw>
<kw name="Name" library="FakerLibrary">
<var>${NOME}</var>
<doc>:example 'John Doe'</doc>
<msg timestamp="20230423 07:15:49.700" level="INFO">${NOME} = Vincent Perez</msg>
<status status="PASS" starttime="20230423 07:15:49.700" endtime="20230423 07:15:49.700"/>
</kw>
<kw name="Set Suite Variable" library="BuiltIn">
<arg>${NOME}</arg>
<doc>Makes a variable available everywhere within the scope of the current suite.</doc>
<msg timestamp="20230423 07:15:49.701" level="INFO">${NOME} = Vincent Perez</msg>
<status status="PASS" starttime="20230423 07:15:49.700" endtime="20230423 07:15:49.701"/>
</kw>
<kw name="Http" library="Browser">
<var>${resposta}</var>
<arg>url=https://serverest.dev/usuarios</arg>
<arg>method=POST</arg>
<arg>body={"nome": "${NOME}", "email": "${EMAIL}", "password": "teste", "administrador": "true"}</arg>
<tag>HTTP</tag>
<doc>Performs an HTTP request in the current browser context</doc>
<msg timestamp="20230423 07:15:50.181" level="INFO">{'status': 201, 'body': {'message': 'Cadastro realizado com sucesso', '_id': '5Ol8LycTllm4udb3'}, 'headers': {'content-length': '82', 'content-type': 'application/json; charset=utf-8'}, 'type': 'cors', 'statusText': '', 'url': 'https://serverest.dev/usuarios', 'ok': True, 'redirected': False}</msg>
<msg timestamp="20230423 07:15:50.182" level="INFO">${resposta} = {'status': 201, 'body': {'message': 'Cadastro realizado com sucesso', '_id': '5Ol8LycTllm4udb3'}, 'headers': {'content-length': '82', 'content-type': 'application/json; charset=utf-8'}, 'type': 'cors'...</msg>
<status status="PASS" starttime="20230423 07:15:49.701" endtime="20230423 07:15:50.183"/>
</kw>
<kw name="Should Be Equal As Integers" library="BuiltIn">
<arg>${resposta["status"]}</arg>
<arg>201</arg>
<doc>Fails if objects are unequal after converting them to integers.</doc>
<msg timestamp="20230423 07:15:50.188" level="INFO">Argument types are:
&lt;class 'int'&gt;
&lt;class 'str'&gt;</msg>
<status status="PASS" starttime="20230423 07:15:50.185" endtime="20230423 07:15:50.188"/>
</kw>
<status status="PASS" starttime="20230423 07:15:49.698" endtime="20230423 07:15:50.189"/>
</kw>
<kw name="Logar com usuário cadastrado via API" library="serve-rest-front">
<kw name="Http" library="Browser">
<var>${resposta}</var>
<arg>url=https://serverest.dev/Login</arg>
<arg>method=POST</arg>
<arg>body={"email": "${EMAIL}", "password": "teste"}</arg>
<tag>HTTP</tag>
<doc>Performs an HTTP request in the current browser context</doc>
<msg timestamp="20230423 07:15:50.510" level="INFO">{'status': 200, 'body': {'message': 'Login realizado com sucesso', 'authorization': 'Bearer eyJhbGciOiJIUzI1NiIsInR5cCI6IkpXVCJ9.eyJlbWFpbCI6InJheWphc29uQGV4YW1wbGUubmV0IiwicGFzc3dvcmQiOiJ0ZXN0ZSIsImlhdCI6MTY4MjI0NDk1MCwiZXhwIjoxNjgyMjQ1NTUwfQ.ysS8S6cXuiz4hadwITQMhWl9ZR687LKCOrp_Vp3I1Po'}, 'headers': {'content-length': '275', 'content-type': 'application/json; charset=utf-8'}, 'type': 'cors', 'statusText': '', 'url': 'https://serverest.dev/Login', 'ok': True, 'redirected': False}</msg>
<msg timestamp="20230423 07:15:50.511" level="INFO">${resposta} = {'status': 200, 'body': {'message': 'Login realizado com sucesso', 'authorization': 'Bearer eyJhbGciOiJIUzI1NiIsInR5cCI6IkpXVCJ9.eyJlbWFpbCI6InJheWphc29uQGV4YW1wbGUubmV0IiwicGFzc3dvcmQiOiJ0ZXN0ZSIsIml...</msg>
<status status="PASS" starttime="20230423 07:15:50.192" endtime="20230423 07:15:50.511"/>
</kw>
<kw name="Should Be Equal As Integers" library="BuiltIn">
<arg>${resposta["status"]}</arg>
<arg>200</arg>
<doc>Fails if objects are unequal after converting them to integers.</doc>
<msg timestamp="20230423 07:15:50.512" level="INFO">Argument types are:
&lt;class 'int'&gt;
&lt;class 'str'&gt;</msg>
<status status="PASS" starttime="20230423 07:15:50.511" endtime="20230423 07:15:50.512"/>
</kw>
<kw name="LocalStorage Set Item" library="Browser">
<arg>serverest/userEmail</arg>
<arg>${EMAIL}</arg>
<tag>PageContent</tag>
<tag>Setter</tag>
<doc>Save data to the local storage.</doc>
<msg timestamp="20230423 07:15:50.515" level="INFO"/>
<status status="PASS" starttime="20230423 07:15:50.512" endtime="20230423 07:15:50.515"/>
</kw>
<kw name="LocalStorage Set Item" library="Browser">
<arg>serverest/userToken</arg>
<arg>${resposta["body"]["authorization"]}</arg>
<tag>PageContent</tag>
<tag>Setter</tag>
<doc>Save data to the local storage.</doc>
<msg timestamp="20230423 07:15:50.520" level="INFO"/>
<status status="PASS" starttime="20230423 07:15:50.515" endtime="20230423 07:15:50.520"/>
</kw>
<kw name="LocalStorage Set Item" library="Browser">
<arg>serverest/userNome</arg>
<arg>${NOME}</arg>
<tag>PageContent</tag>
<tag>Setter</tag>
<doc>Save data to the local storage.</doc>
<msg timestamp="20230423 07:15:50.523" level="INFO"/>
<status status="PASS" starttime="20230423 07:15:50.520" endtime="20230423 07:15:50.523"/>
</kw>
<kw name="Go To" library="Browser">
<arg>url=https://front.serverest.dev/admin/home</arg>
<tag>BrowserControl</tag>
<tag>Setter</tag>
<doc>Navigates to the given ``url``.</doc>
<msg timestamp="20230423 07:15:51.271" level="INFO">Successfully opened URL https://front.serverest.dev/admin/home</msg>
<status status="PASS" starttime="20230423 07:15:50.523" endtime="20230423 07:15:51.272"/>
</kw>
<kw name="Take Screenshot" library="Browser">
<tag>PageContent</tag>
<doc>Takes a screenshot of the current window or element and saves it to disk.</doc>
<msg timestamp="20230423 07:15:51.484" level="INFO" html="true">&lt;/td&gt;&lt;/tr&gt;&lt;tr&gt;&lt;td colspan="3"&gt;&lt;a href="browser/screenshot/robotframework-browser-screenshot-6.png" target="_blank"&gt;&lt;img src="browser/screenshot/robotframework-browser-screenshot-6.png" width="800px"/&gt;&lt;/a&gt;</msg>
<status status="PASS" starttime="20230423 07:15:51.274" endtime="20230423 07:15:51.485"/>
</kw>
<status status="PASS" starttime="20230423 07:15:50.191" endtime="20230423 07:15:51.485"/>
</kw>
<status status="PASS" starttime="20230423 07:15:47.935" endtime="20230423 07:15:51.486"/>
</test>
<test id="s1-t5" name="Exemplo utilizando o storage Armazenando por contexto" line="28">
<kw name="Abrir o Site Serve Rest Front Logado" library="serve-rest-front">
<kw name="New Browser" library="Browser">
<arg>browser=${BROWSER}</arg>
<arg>headless=${HEADLESS}</arg>
<tag>BrowserControl</tag>
<tag>Setter</tag>
<doc>Create a new playwright Browser with specified options.</doc>
<msg timestamp="20230423 07:15:51.513" level="INFO">Switching browser to browser=7c1b18c8-15a6-44a8-88ad-d95ee8421bdb</msg>
<msg timestamp="20230423 07:15:51.514" level="INFO">Successfully changed active browser</msg>
<msg timestamp="20230423 07:15:51.515" level="INFO">Reusing existing browser with id: browser=7c1b18c8-15a6-44a8-88ad-d95ee8421bdb</msg>
<status status="PASS" starttime="20230423 07:15:51.513" endtime="20230423 07:15:51.515"/>
</kw>
<kw name="New Context" library="Browser">
<arg>viewport={'width': 1200, 'height': 800}</arg>
<arg>storageState=${STORAGE_FILE}</arg>
<tag>BrowserControl</tag>
<tag>Setter</tag>
<doc>Create a new BrowserContext with specified options.</doc>
<msg timestamp="20230423 07:15:51.516" level="INFO">{
  "acceptDownloads": true,
  "bypassCSP": false,
  "forcedColors": "none",
  "hideRfBrowser": false,
  "ignoreHTTPSErrors": false,
  "javaScriptEnabled": true,
  "offline": false,
  "reducedMotion": "no-preference",
  "storageState": "C:\\projects\\rf_browserlibrary\\browser\\state\\3bb599a5-659c-4f7c-8a36-fd894f7d407f.json",
  "viewport": {
    "height": 800,
    "width": 1200
  },
  "deprecated_pos_args": []
}</msg>
<msg timestamp="20230423 07:15:51.604" level="INFO">Successfully created context. </msg>
<msg timestamp="20230423 07:15:51.604" level="INFO">{'acceptDownloads': True, 'bypassCSP': False, 'forcedColors': 'none', 'hideRfBrowser': False, 'ignoreHTTPSErrors': False, 'javaScriptEnabled': True, 'offline': False, 'reducedMotion': 'no-preference', 'storageState': 'C:\\projects\\rf_browserlibrary\\browser\\state\\3bb599a5-659c-4f7c-8a36-fd894f7d407f.json', 'viewport': {'height': 800, 'width': 1200}, 'deprecated_pos_args': []}</msg>
<status status="PASS" starttime="20230423 07:15:51.515" endtime="20230423 07:15:51.604"/>
</kw>
<kw name="New Page" library="Browser">
<arg>url=https://front.serverest.dev/admin/home</arg>
<tag>BrowserControl</tag>
<tag>Setter</tag>
<doc>Open a new Page.</doc>
<msg timestamp="20230423 07:15:53.449" level="INFO">Successfully initialized new page object and opened url: https://front.serverest.dev/admin/home</msg>
<status status="PASS" starttime="20230423 07:15:51.604" endtime="20230423 07:15:53.450"/>
</kw>
<kw name="Take Screenshot" library="Browser">
<tag>PageContent</tag>
<doc>Takes a screenshot of the current window or element and saves it to disk.</doc>
<msg timestamp="20230423 07:15:53.668" level="INFO" html="true">&lt;/td&gt;&lt;/tr&gt;&lt;tr&gt;&lt;td colspan="3"&gt;&lt;a href="browser/screenshot/robotframework-browser-screenshot-7.png" target="_blank"&gt;&lt;img src="browser/screenshot/robotframework-browser-screenshot-7.png" width="800px"/&gt;&lt;/a&gt;</msg>
<status status="PASS" starttime="20230423 07:15:53.450" endtime="20230423 07:15:53.669"/>
</kw>
<status status="PASS" starttime="20230423 07:15:51.512" endtime="20230423 07:15:53.669"/>
</kw>
<kw name="Acessar a Lista de usuários" library="serve-rest-front">
<kw name="Click" library="Browser">
<arg>css=a[data-testid='listarUsuarios']</arg>
<tag>PageContent</tag>
<tag>Setter</tag>
<doc>Simulates mouse click on the element found by ``selector``.</doc>
<status status="PASS" starttime="20230423 07:15:53.670" endtime="20230423 07:15:53.733"/>
</kw>
<status status="PASS" starttime="20230423 07:15:53.669" endtime="20230423 07:15:53.733"/>
</kw>
<status status="PASS" starttime="20230423 07:15:51.509" endtime="20230423 07:15:53.734"/>
</test>
<status status="PASS" starttime="20230423 07:15:29.706" endtime="20230423 07:15:53.757"/>
</suite>
<statistics>
<total>
<stat pass="5" fail="0" skip="0">All Tests</stat>
</total>
<tag>
</tag>
<suite>
<stat pass="5" fail="0" skip="0" id="s1" name="Serve-Rest-Front">Serve-Rest-Front</stat>
</suite>
</statistics>
<errors>
</errors>
</robot>
